<?xml version="1.0" encoding="UTF-8"?>
<!-- Generated by org.testng.reporters.JUnitXMLReporter -->
<testsuite ignored="1" hostname="INH-LT533" failures="0" tests="2" name="Submit Order Test" time="30.814" errors="0" timestamp="2024-02-23T23:21:59 IST">
  <testcase classname="ayushjain.Tests.SubmitOrderTest" name="submitOrder" time="4.003"/>
  <testcase classname="ayushjain.Tests.SubmitOrderTest" name="submitOrder" time="3.783"/>
  <testcase classname="ayushjain.Tests.SubmitOrderTest" name="orderHistoryTest" time="0.0">
    <ignored/>
  </testcase> <!-- orderHistoryTest -->
</testsuite> <!-- Submit Order Test -->
