<?xml version="1.0" encoding="UTF-8"?>
<testng-results ignored="0" total="2" passed="2" failed="0" skipped="0">
  <reporter-output>
  </reporter-output>
  <suite started-at="2024-02-23T23:21:28 IST" name="Suite" finished-at="2024-02-23T23:21:59 IST" duration-ms="30814">
    <groups>
      <group name="Purchase">
        <method signature="SubmitOrderTest.submitOrder(java.util.HashMap)[pri:0, instance:ayushjain.Tests.SubmitOrderTest@2e385cce]" name="submitOrder" class="ayushjain.Tests.SubmitOrderTest"/>
      </group> <!-- Purchase -->
    </groups>
    <test started-at="2024-02-23T23:21:28 IST" name="Error Validations Test" finished-at="2024-02-23T23:21:28 IST" duration-ms="18">
    </test> <!-- Error Validations Test -->
    <test started-at="2024-02-23T23:21:28 IST" name="Submit Order Test" finished-at="2024-02-23T23:21:59 IST" duration-ms="30814">
      <class name="ayushjain.Tests.SubmitOrderTest">
        <test-method is-config="true" signature="launchApplication()[pri:0, instance:ayushjain.Tests.SubmitOrderTest@2e385cce]" started-at="2024-02-23T23:21:28 IST" name="launchApplication" finished-at="2024-02-23T23:21:41 IST" duration-ms="12658" status="PASS">
          <reporter-output>
          </reporter-output>
        </test-method> <!-- launchApplication -->
        <test-method signature="submitOrder(java.util.HashMap)[pri:0, instance:ayushjain.Tests.SubmitOrderTest@2e385cce]" started-at="2024-02-23T23:21:41 IST" name="submitOrder" data-provider="getData" finished-at="2024-02-23T23:21:45 IST" duration-ms="4003" status="PASS">
          <params>
            <param index="0">
              <value>
                <![CDATA[{password=Dummy@123, email=xyzabc1238@gmail.com, productName=ZARA COAT 3}]]>
              </value>
            </param>
          </params>
          <reporter-output>
          </reporter-output>
        </test-method> <!-- submitOrder -->
        <test-method is-config="true" signature="tearDown()[pri:0, instance:ayushjain.Tests.SubmitOrderTest@2e385cce]" started-at="2024-02-23T23:21:45 IST" name="tearDown" finished-at="2024-02-23T23:21:45 IST" duration-ms="263" status="PASS">
          <reporter-output>
          </reporter-output>
        </test-method> <!-- tearDown -->
        <test-method is-config="true" signature="launchApplication()[pri:0, instance:ayushjain.Tests.SubmitOrderTest@2e385cce]" started-at="2024-02-23T23:21:45 IST" name="launchApplication" finished-at="2024-02-23T23:21:55 IST" duration-ms="9880" status="PASS">
          <reporter-output>
          </reporter-output>
        </test-method> <!-- launchApplication -->
        <test-method signature="submitOrder(java.util.HashMap)[pri:0, instance:ayushjain.Tests.SubmitOrderTest@2e385cce]" started-at="2024-02-23T23:21:55 IST" name="submitOrder" data-provider="getData" finished-at="2024-02-23T23:21:59 IST" duration-ms="3783" status="PASS">
          <params>
            <param index="0">
              <value>
                <![CDATA[{password=Temp@123, email=pqrst@gmail.com, productName=IPHONE 13 PRO}]]>
              </value>
            </param>
          </params>
          <reporter-output>
          </reporter-output>
        </test-method> <!-- submitOrder -->
        <test-method is-config="true" signature="tearDown()[pri:0, instance:ayushjain.Tests.SubmitOrderTest@2e385cce]" started-at="2024-02-23T23:21:59 IST" name="tearDown" finished-at="2024-02-23T23:21:59 IST" duration-ms="147" status="PASS">
          <reporter-output>
          </reporter-output>
        </test-method> <!-- tearDown -->
      </class> <!-- ayushjain.Tests.SubmitOrderTest -->
    </test> <!-- Submit Order Test -->
  </suite> <!-- Suite -->
</testng-results>
